Arguments: 
  /usr/bin/node /usr/bin/yarn add @actions/github @action/core

PATH: 
  /usr/local/sbin:/usr/local/bin:/usr/sbin:/usr/bin:/sbin:/bin:/usr/games:/usr/local/games:/snap/bin

Yarn version: 
  1.22.17

Node version: 
  16.13.1

Platform: 
  linux x64

Trace: 
  Error: https://registry.yarnpkg.com/@action%2fcore: Not found
      at Request.params.callback [as _callback] (/usr/lib/node_modules/yarn/lib/cli.js:67029:18)
      at Request.self.callback (/usr/lib/node_modules/yarn/lib/cli.js:140883:22)
      at Request.emit (node:events:390:28)
      at Request.<anonymous> (/usr/lib/node_modules/yarn/lib/cli.js:141855:10)
      at Request.emit (node:events:390:28)
      at IncomingMessage.<anonymous> (/usr/lib/node_modules/yarn/lib/cli.js:141777:12)
      at Object.onceWrapper (node:events:509:28)
      at IncomingMessage.emit (node:events:402:35)
      at endReadableNT (node:internal/streams/readable:1343:12)
      at processTicksAndRejections (node:internal/process/task_queues:83:21)

npm manifest: 
  {
    "name": "githubaction_repository",
    "version": "1.0.0",
    "description": "",
    "main": "index.js",
    "scripts": {
      "build": "ncc build src/action.js -o dist",
      "test": "echo \"Error: no test specified\" && exit 1"
    },
    "repository": {
      "type": "git",
      "url": "git+https://github.com/banzak1/githubaction_repository.git"
    },
    "author": "",
    "license": "ISC",
    "bugs": {
      "url": "https://github.com/banzak1/githubaction_repository/issues"
    },
    "homepage": "https://github.com/banzak1/githubaction_repository#readme",
    "dependencies": {
      "@vercel/ncc": "^0.33.1"
    }
  }

yarn manifest: 
  No manifest

Lockfile: 
  No lockfile
